<?xml version="1.0" encoding="UTF-8"?>
<!-- Generated by org.testng.reporters.JUnitReportReporter -->
<testsuite hostname="DESKTOP-NQ704LS" failures="0" tests="1" name="com.test.ProductDetailsTest" time="33.205" errors="0" timestamp="2024-10-17T15:30:10 IST" skipped="0">
  <testcase classname="com.test.ProductDetailsTest" name="captureProductDetails" time="33.205"/>
  <system-out/>
</testsuite> <!-- com.test.ProductDetailsTest -->
