<?xml version="1.0" encoding="UTF-8"?>
<!-- Generated by org.testng.reporters.JUnitReportReporter -->
<testsuite hostname="DESKTOP-NQ704LS" failures="0" tests="3" name="com.test.TestBabyhugProducts" time="0.262" errors="0" timestamp="2024-10-17T20:33:24 IST" skipped="0">
  <testcase classname="com.test.TestBabyhugProducts" name="verifyTotalProducts" time="0.068"/>
  <system-out/>
  <testcase classname="com.test.TestBabyhugProducts" name="verifyProductPrices" time="0.066"/>
  <system-out/>
  <testcase classname="com.test.TestBabyhugProducts" name="verifyProductNames" time="0.128"/>
  <system-out/>
</testsuite> <!-- com.test.TestBabyhugProducts -->
