<?xml version="1.0" encoding="UTF-8"?>
<!-- Generated by org.testng.reporters.JUnitReportReporter -->
<testsuite hostname="DESKTOP-NQ704LS" failures="0" tests="3" name="com.test.TestBabyhugProducts" time="0.729" errors="0" timestamp="2024-10-16T14:50:29 IST" skipped="0">
  <testcase classname="com.test.TestBabyhugProducts" name="verifyTotalProducts" time="0.259"/>
  <system-out/>
  <testcase classname="com.test.TestBabyhugProducts" name="verifyProductPrices" time="0.171"/>
  <system-out/>
  <testcase classname="com.test.TestBabyhugProducts" name="verifyProductNames" time="0.299"/>
  <system-out/>
</testsuite> <!-- com.test.TestBabyhugProducts -->
