<?xml version="1.0" encoding="UTF-8"?>
<!-- Generated by org.testng.reporters.JUnitReportReporter -->
<testsuite hostname="DESKTOP-NQ704LS" failures="0" tests="2" name="com.test.LoginTest" time="2.134" errors="0" timestamp="2024-10-17T20:33:24 IST" skipped="0">
  <testcase classname="com.test.LoginTest" name="testLogin" time="0.284"/>
  <system-out/>
  <testcase classname="com.test.LoginTest" name="testInvalidLogin" time="1.850"/>
  <system-out/>
</testsuite> <!-- com.test.LoginTest -->
