<?xml version="1.0" encoding="UTF-8"?>
<!-- Generated by org.testng.reporters.JUnitReportReporter -->
<testsuite hostname="DESKTOP-NQ704LS" failures="0" tests="2" name="com.test.LoginTest" time="3.772" errors="0" timestamp="2024-10-16T14:50:29 IST" skipped="0">
  <testcase classname="com.test.LoginTest" name="testLogin" time="0.881"/>
  <system-out/>
  <testcase classname="com.test.LoginTest" name="testInvalidLogin" time="2.891"/>
  <system-out/>
</testsuite> <!-- com.test.LoginTest -->
