<?xml version="1.0" encoding="UTF-8"?>
<!-- Generated by org.testng.reporters.JUnitReportReporter -->
<testsuite hostname="DESKTOP-NQ704LS" failures="0" tests="1" name="com.test.BrokenLinks" time="27.235" errors="0" timestamp="2024-10-17T15:31:54 IST" skipped="0">
  <testcase classname="com.test.BrokenLinks" name="testBrokenLinks" time="27.235"/>
  <system-out/>
</testsuite> <!-- com.test.BrokenLinks -->
