<?xml version="1.0" encoding="UTF-8"?>
<!-- Generated by org.testng.reporters.JUnitReportReporter -->
<testsuite hostname="DESKTOP-NQ704LS" failures="0" tests="1" name="com.test.ActionClassTest" time="22.629" errors="0" timestamp="2024-10-17T15:33:17 IST" skipped="0">
  <testcase classname="com.test.ActionClassTest" name="testActions" time="22.629"/>
  <system-out/>
</testsuite> <!-- com.test.ActionClassTest -->
