<?xml version="1.0" encoding="UTF-8"?>
<!-- Generated by org.testng.reporters.JUnitReportReporter -->
<testsuite hostname="DESKTOP-NQ704LS" failures="0" tests="1" name="com.test.TestProductDetails" time="0.239" errors="0" timestamp="2024-10-16T14:50:29 IST" skipped="0">
  <testcase classname="com.test.TestProductDetails" name="testTshirtDetails" time="0.239"/>
  <system-out/>
</testsuite> <!-- com.test.TestProductDetails -->
