<?xml version="1.0" encoding="UTF-8"?>
<!-- Generated by org.testng.reporters.JUnitReportReporter -->
<testsuite hostname="DESKTOP-NQ704LS" failures="0" tests="1" name="com.test.produccttest" time="13.436" errors="0" timestamp="2024-08-20T19:53:41 IST" skipped="0">
  <testcase classname="com.test.produccttest" name="testClickEachProductAndPrintPrice" time="13.436"/>
  <system-out/>
</testsuite> <!-- com.test.produccttest -->
