<?xml version="1.0" encoding="UTF-8"?>
<!-- Generated by org.testng.reporters.JUnitReportReporter -->
<testsuite hostname="DESKTOP-NQ704LS" failures="0" tests="2" name="com.test.LoginTest" time="2.196" errors="0" timestamp="2024-08-13T17:19:20 IST" skipped="0">
  <testcase classname="com.test.LoginTest" name="testLogin" time="0.497"/>
  <system-out/>
  <testcase classname="com.test.LoginTest" name="testInvalidLogin" time="1.699"/>
  <system-out/>
</testsuite> <!-- com.test.LoginTest -->
