<?xml version="1.0" encoding="UTF-8"?>
<!-- Generated by org.testng.reporters.JUnitReportReporter -->
<testsuite hostname="DESKTOP-NQ704LS" failures="0" tests="1" name="com.test.ProductListTest" time="5.174" errors="0" timestamp="2024-08-19T19:13:54 IST" skipped="0">
  <testcase classname="com.test.ProductListTest" name="testProductList" time="5.174"/>
  <system-out/>
</testsuite> <!-- com.test.ProductListTest -->
