<?xml version="1.0" encoding="UTF-8"?>
<!-- Generated by org.testng.reporters.JUnitReportReporter -->
<testsuite hostname="DESKTOP-NQ704LS" failures="0" tests="1" name="com.test.ExtentReportListener" time="1.620" errors="0" timestamp="2024-10-17T20:33:24 IST" skipped="0">
  <testcase classname="com.test.ExtentReportListener" name="verifyProductNamesAndPrices" time="1.620"/>
  <system-out/>
</testsuite> <!-- com.test.ExtentReportListener -->
